<?xml version="1.0" encoding="UTF-8"?>
<!DOCTYPE coverage SYSTEM "http://cobertura.sourceforge.net/xml/coverage-04.dtd">
<coverage line-rate="1" branch-rate="0" lines-covered="402" lines-valid="402" branches-covered="0" branches-valid="0" complexity="0" version="" timestamp="1678371442489">
	<packages>
		<package name="github.com/happyhippyhippo/slate-rest" line-rate="1" branch-rate="0" complexity="0" line-count="59" line-hits="59">
			<classes>
				<class name="-" filename="errors.go" line-rate="1" branch-rate="0" complexity="0" line-count="2" line-hits="2">
					<methods>
						<method name="errNilPointer" signature="" line-rate="1" branch-rate="0" complexity="0" line-count="0" line-hits="0">
							<lines>
								<line number="13" hits="9"></line>
							</lines>
						</method>
						<method name="errConversion" signature="" line-rate="1" branch-rate="0" complexity="0" line-count="0" line-hits="0">
							<lines>
								<line number="21" hits="4"></line>
							</lines>
						</method>
					</methods>
					<lines>
						<line number="13" hits="9"></line>
						<line number="21" hits="4"></line>
					</lines>
				</class>
				<class name="-" filename="process.go" line-rate="1" branch-rate="0" complexity="0" line-count="24" line-hits="24">
					<methods>
						<method name="NewProcess" signature="" line-rate="1" branch-rate="0" complexity="0" line-count="0" line-hits="0">
							<lines>
								<line number="39" hits="14"></line>
								<line number="40" hits="1"></line>
								<line number="43" hits="13"></line>
								<line number="44" hits="1"></line>
								<line number="47" hits="12"></line>
								<line number="48" hits="1"></line>
								<line number="51" hits="11"></line>
								<line number="52" hits="11"></line>
								<line number="53" hits="2"></line>
								<line number="56" hits="9"></line>
								<line number="81" hits="9"></line>
								<line number="82" hits="9"></line>
								<line number="83" hits="1"></line>
								<line number="86" hits="8"></line>
								<line number="87" hits="8"></line>
								<line number="88" hits="1"></line>
								<line number="91" hits="7"></line>
								<line number="101" hits="7"></line>
							</lines>
						</method>
						<method name="@91:46" signature="" line-rate="1" branch-rate="0" complexity="0" line-count="0" line-hits="0">
							<lines>
								<line number="92" hits="4"></line>
								<line number="93" hits="4"></line>
								<line number="94" hits="2"></line>
								<line number="95" hits="2"></line>
								<line number="97" hits="2"></line>
								<line number="98" hits="2"></line>
							</lines>
						</method>
					</methods>
					<lines>
						<line number="39" hits="14"></line>
						<line number="40" hits="1"></line>
						<line number="43" hits="13"></line>
						<line number="44" hits="1"></line>
						<line number="47" hits="12"></line>
						<line number="48" hits="1"></line>
						<line number="51" hits="11"></line>
						<line number="52" hits="11"></line>
						<line number="53" hits="2"></line>
						<line number="56" hits="9"></line>
						<line number="81" hits="9"></line>
						<line number="82" hits="9"></line>
						<line number="83" hits="1"></line>
						<line number="86" hits="8"></line>
						<line number="87" hits="8"></line>
						<line number="88" hits="1"></line>
						<line number="91" hits="7"></line>
						<line number="101" hits="7"></line>
						<line number="92" hits="4"></line>
						<line number="93" hits="4"></line>
						<line number="94" hits="2"></line>
						<line number="95" hits="2"></line>
						<line number="97" hits="2"></line>
						<line number="98" hits="2"></line>
					</lines>
				</class>
				<class name="Provider" filename="provider.go" line-rate="1" branch-rate="0" complexity="0" line-count="32" line-hits="32">
					<methods>
						<method name="Register" signature="" line-rate="1" branch-rate="0" complexity="0" line-count="0" line-hits="0">
							<lines>
								<line number="38" hits="17"></line>
								<line number="39" hits="2"></line>
								<line number="42" hits="15"></line>
								<line number="46" hits="15"></line>
								<line number="47" hits="15"></line>
							</lines>
						</method>
						<method name="Boot" signature="" line-rate="1" branch-rate="0" complexity="0" line-count="0" line-hits="0">
							<lines>
								<line number="55" hits="9"></line>
								<line number="56" hits="2"></line>
								<line number="59" hits="7"></line>
								<line number="60" hits="7"></line>
								<line number="61" hits="2"></line>
								<line number="64" hits="5"></line>
								<line number="65" hits="5"></line>
								<line number="66" hits="1"></line>
								<line number="69" hits="4"></line>
								<line number="70" hits="5"></line>
								<line number="71" hits="1"></line>
								<line number="74" hits="3"></line>
							</lines>
						</method>
						<method name="getEngine" signature="" line-rate="1" branch-rate="0" complexity="0" line-count="0" line-hits="0">
							<lines>
								<line number="81" hits="10"></line>
								<line number="82" hits="10"></line>
								<line number="83" hits="1"></line>
								<line number="86" hits="9"></line>
								<line number="87" hits="9"></line>
								<line number="88" hits="1"></line>
								<line number="90" hits="8"></line>
							</lines>
						</method>
						<method name="getRegisters" signature="" line-rate="1" branch-rate="0" complexity="0" line-count="0" line-hits="0">
							<lines>
								<line number="97" hits="5"></line>
								<line number="98" hits="5"></line>
								<line number="99" hits="1"></line>
								<line number="102" hits="4"></line>
								<line number="103" hits="4"></line>
								<line number="104" hits="5"></line>
								<line number="105" hits="5"></line>
								<line number="108" hits="4"></line>
							</lines>
						</method>
					</methods>
					<lines>
						<line number="38" hits="17"></line>
						<line number="39" hits="2"></line>
						<line number="42" hits="15"></line>
						<line number="46" hits="15"></line>
						<line number="47" hits="15"></line>
						<line number="55" hits="9"></line>
						<line number="56" hits="2"></line>
						<line number="59" hits="7"></line>
						<line number="60" hits="7"></line>
						<line number="61" hits="2"></line>
						<line number="64" hits="5"></line>
						<line number="65" hits="5"></line>
						<line number="66" hits="1"></line>
						<line number="69" hits="4"></line>
						<line number="70" hits="5"></line>
						<line number="71" hits="1"></line>
						<line number="74" hits="3"></line>
						<line number="81" hits="10"></line>
						<line number="82" hits="10"></line>
						<line number="83" hits="1"></line>
						<line number="86" hits="9"></line>
						<line number="87" hits="9"></line>
						<line number="88" hits="1"></line>
						<line number="90" hits="8"></line>
						<line number="97" hits="5"></line>
						<line number="98" hits="5"></line>
						<line number="99" hits="1"></line>
						<line number="102" hits="4"></line>
						<line number="103" hits="4"></line>
						<line number="104" hits="5"></line>
						<line number="105" hits="5"></line>
						<line number="108" hits="4"></line>
					</lines>
				</class>
				<class name="-" filename="provider.go" line-rate="1" branch-rate="0" complexity="0" line-count="1" line-hits="1">
					<methods>
						<method name="@42:37" signature="" line-rate="1" branch-rate="0" complexity="0" line-count="0" line-hits="0">
							<lines>
								<line number="43" hits="7"></line>
							</lines>
						</method>
					</methods>
					<lines>
						<line number="43" hits="7"></line>
					</lines>
				</class>
			</classes>
		</package>
		<package name="github.com/happyhippyhippo/slate-rest/envelope" line-rate="1" branch-rate="0" complexity="0" line-count="73" line-hits="73">
			<classes>
				<class name="-" filename="envelope/envelope.go" line-rate="1" branch-rate="0" complexity="0" line-count="4" line-hits="4">
					<methods>
						<method name="NewEnvelope" signature="" line-rate="1" branch-rate="0" complexity="0" line-count="0" line-hits="0">
							<lines>
								<line number="23" hits="10"></line>
								<line number="30" hits="10"></line>
								<line number="31" hits="2"></line>
								<line number="33" hits="10"></line>
							</lines>
						</method>
					</methods>
					<lines>
						<line number="23" hits="10"></line>
						<line number="30" hits="10"></line>
						<line number="31" hits="2"></line>
						<line number="33" hits="10"></line>
					</lines>
				</class>
				<class name="Envelope" filename="envelope/envelope.go" line-rate="1" branch-rate="0" complexity="0" line-count="9" line-hits="9">
					<methods>
						<method name="GetStatusCode" signature="" line-rate="1" branch-rate="0" complexity="0" line-count="0" line-hits="0">
							<lines>
								<line number="38" hits="1"></line>
							</lines>
						</method>
						<method name="SetService" signature="" line-rate="1" branch-rate="0" complexity="0" line-count="0" line-hits="0">
							<lines>
								<line number="45" hits="1"></line>
								<line number="46" hits="1"></line>
							</lines>
						</method>
						<method name="SetEndpoint" signature="" line-rate="1" branch-rate="0" complexity="0" line-count="0" line-hits="0">
							<lines>
								<line number="53" hits="3"></line>
								<line number="54" hits="3"></line>
							</lines>
						</method>
						<method name="SetListReport" signature="" line-rate="1" branch-rate="0" complexity="0" line-count="0" line-hits="0">
							<lines>
								<line number="61" hits="2"></line>
								<line number="62" hits="2"></line>
							</lines>
						</method>
						<method name="AddError" signature="" line-rate="1" branch-rate="0" complexity="0" line-count="0" line-hits="0">
							<lines>
								<line number="69" hits="10"></line>
								<line number="70" hits="10"></line>
							</lines>
						</method>
					</methods>
					<lines>
						<line number="38" hits="1"></line>
						<line number="45" hits="1"></line>
						<line number="46" hits="1"></line>
						<line number="53" hits="3"></line>
						<line number="54" hits="3"></line>
						<line number="61" hits="2"></line>
						<line number="62" hits="2"></line>
						<line number="69" hits="10"></line>
						<line number="70" hits="10"></line>
					</lines>
				</class>
				<class name="-" filename="envelope/list_report.go" line-rate="1" branch-rate="0" complexity="0" line-count="10" line-hits="10">
					<methods>
						<method name="NewListReport" signature="" line-rate="1" branch-rate="0" complexity="0" line-count="0" line-hits="0">
							<lines>
								<line number="30" hits="10"></line>
								<line number="31" hits="10"></line>
								<line number="33" hits="9"></line>
								<line number="34" hits="9"></line>
								<line number="35" hits="4"></line>
								<line number="38" hits="9"></line>
								<line number="43" hits="10"></line>
								<line number="44" hits="10"></line>
								<line number="46" hits="7"></line>
								<line number="49" hits="10"></line>
							</lines>
						</method>
					</methods>
					<lines>
						<line number="30" hits="10"></line>
						<line number="31" hits="10"></line>
						<line number="33" hits="9"></line>
						<line number="34" hits="9"></line>
						<line number="35" hits="4"></line>
						<line number="38" hits="9"></line>
						<line number="43" hits="10"></line>
						<line number="44" hits="10"></line>
						<line number="46" hits="7"></line>
						<line number="49" hits="10"></line>
					</lines>
				</class>
				<class name="-" filename="envelope/status.go" line-rate="1" branch-rate="0" complexity="0" line-count="1" line-hits="1">
					<methods>
						<method name="NewStatus" signature="" line-rate="1" branch-rate="0" complexity="0" line-count="0" line-hits="0">
							<lines>
								<line number="12" hits="15"></line>
							</lines>
						</method>
					</methods>
					<lines>
						<line number="12" hits="15"></line>
					</lines>
				</class>
				<class name="Status" filename="envelope/status.go" line-rate="1" branch-rate="0" complexity="0" line-count="9" line-hits="9">
					<methods>
						<method name="AddError" signature="" line-rate="1" branch-rate="0" complexity="0" line-count="0" line-hits="0">
							<lines>
								<line number="22" hits="20"></line>
								<line number="23" hits="20"></line>
								<line number="24" hits="20"></line>
							</lines>
						</method>
						<method name="SetService" signature="" line-rate="1" branch-rate="0" complexity="0" line-count="0" line-hits="0">
							<lines>
								<line number="31" hits="2"></line>
								<line number="32" hits="6"></line>
								<line number="34" hits="2"></line>
							</lines>
						</method>
						<method name="SetEndpoint" signature="" line-rate="1" branch-rate="0" complexity="0" line-count="0" line-hits="0">
							<lines>
								<line number="41" hits="4"></line>
								<line number="42" hits="6"></line>
								<line number="44" hits="4"></line>
							</lines>
						</method>
					</methods>
					<lines>
						<line number="22" hits="20"></line>
						<line number="23" hits="20"></line>
						<line number="24" hits="20"></line>
						<line number="31" hits="2"></line>
						<line number="32" hits="6"></line>
						<line number="34" hits="2"></line>
						<line number="41" hits="4"></line>
						<line number="42" hits="6"></line>
						<line number="44" hits="4"></line>
					</lines>
				</class>
				<class name="-" filename="envelope/status_error.go" line-rate="1" branch-rate="0" complexity="0" line-count="1" line-hits="1">
					<methods>
						<method name="NewStatusError" signature="" line-rate="1" branch-rate="0" complexity="0" line-count="0" line-hits="0">
							<lines>
								<line number="26" hits="37"></line>
							</lines>
						</method>
					</methods>
					<lines>
						<line number="26" hits="37"></line>
					</lines>
				</class>
				<class name="StatusError" filename="envelope/status_error.go" line-rate="1" branch-rate="0" complexity="0" line-count="31" line-hits="31">
					<methods>
						<method name="SetService" signature="" line-rate="1" branch-rate="0" complexity="0" line-count="0" line-hits="0">
							<lines>
								<line number="36" hits="15"></line>
								<line number="37" hits="15"></line>
							</lines>
						</method>
						<method name="SetEndpoint" signature="" line-rate="1" branch-rate="0" complexity="0" line-count="0" line-hits="0">
							<lines>
								<line number="44" hits="15"></line>
								<line number="45" hits="15"></line>
							</lines>
						</method>
						<method name="SetParam" signature="" line-rate="1" branch-rate="0" complexity="0" line-count="0" line-hits="0">
							<lines>
								<line number="52" hits="4"></line>
								<line number="53" hits="4"></line>
							</lines>
						</method>
						<method name="SetError" signature="" line-rate="1" branch-rate="0" complexity="0" line-count="0" line-hits="0">
							<lines>
								<line number="60" hits="6"></line>
								<line number="61" hits="6"></line>
							</lines>
						</method>
						<method name="SetMessage" signature="" line-rate="1" branch-rate="0" complexity="0" line-count="0" line-hits="0">
							<lines>
								<line number="68" hits="1"></line>
								<line number="69" hits="1"></line>
							</lines>
						</method>
						<method name="GetCode" signature="" line-rate="1" branch-rate="0" complexity="0" line-count="0" line-hits="0">
							<lines>
								<line number="74" hits="1"></line>
							</lines>
						</method>
						<method name="GetMessage" signature="" line-rate="1" branch-rate="0" complexity="0" line-count="0" line-hits="0">
							<lines>
								<line number="79" hits="1"></line>
							</lines>
						</method>
						<method name="compose" signature="" line-rate="1" branch-rate="0" complexity="0" line-count="0" line-hits="0">
							<lines>
								<line number="83" hits="77"></line>
								<line number="85" hits="77"></line>
								<line number="86" hits="30"></line>
								<line number="89" hits="77"></line>
								<line number="90" hits="22"></line>
								<line number="91" hits="15"></line>
								<line number="93" hits="22"></line>
								<line number="96" hits="77"></line>
								<line number="97" hits="7"></line>
								<line number="98" hits="6"></line>
								<line number="100" hits="7"></line>
								<line number="103" hits="77"></line>
								<line number="104" hits="77"></line>
								<line number="105" hits="38"></line>
								<line number="108" hits="77"></line>
								<line number="109" hits="4"></line>
								<line number="111" hits="73"></line>
								<line number="115" hits="77"></line>
								<line number="116" hits="77"></line>
							</lines>
						</method>
					</methods>
					<lines>
						<line number="36" hits="15"></line>
						<line number="37" hits="15"></line>
						<line number="44" hits="15"></line>
						<line number="45" hits="15"></line>
						<line number="52" hits="4"></line>
						<line number="53" hits="4"></line>
						<line number="60" hits="6"></line>
						<line number="61" hits="6"></line>
						<line number="68" hits="1"></line>
						<line number="69" hits="1"></line>
						<line number="74" hits="1"></line>
						<line number="79" hits="1"></line>
						<line number="83" hits="77"></line>
						<line number="85" hits="77"></line>
						<line number="86" hits="30"></line>
						<line number="89" hits="77"></line>
						<line number="90" hits="22"></line>
						<line number="91" hits="15"></line>
						<line number="93" hits="22"></line>
						<line number="96" hits="77"></line>
						<line number="97" hits="7"></line>
						<line number="98" hits="6"></line>
						<line number="100" hits="7"></line>
						<line number="103" hits="77"></line>
						<line number="104" hits="77"></line>
						<line number="105" hits="38"></line>
						<line number="108" hits="77"></line>
						<line number="109" hits="4"></line>
						<line number="111" hits="73"></line>
						<line number="115" hits="77"></line>
						<line number="116" hits="77"></line>
					</lines>
				</class>
				<class name="StatusErrorList" filename="envelope/status_error_list.go" line-rate="1" branch-rate="0" complexity="0" line-count="8" line-hits="8">
					<methods>
						<method name="MarshalXML" signature="" line-rate="1" branch-rate="0" complexity="0" line-count="0" line-hits="0">
							<lines>
								<line number="17" hits="3"></line>
								<line number="19" hits="3"></line>
								<line number="21" hits="4"></line>
								<line number="23" hits="4"></line>
								<line number="31" hits="4"></line>
								<line number="34" hits="3"></line>
								<line number="35" hits="3"></line>
								<line number="36" hits="3"></line>
							</lines>
						</method>
					</methods>
					<lines>
						<line number="17" hits="3"></line>
						<line number="19" hits="3"></line>
						<line number="21" hits="4"></line>
						<line number="23" hits="4"></line>
						<line number="31" hits="4"></line>
						<line number="34" hits="3"></line>
						<line number="35" hits="3"></line>
						<line number="36" hits="3"></line>
					</lines>
				</class>
			</classes>
		</package>
		<package name="github.com/happyhippyhippo/slate-rest/envelopemw" line-rate="1" branch-rate="0" complexity="0" line-count="71" line-hits="71">
			<classes>
				<class name="-" filename="envelopemw/middleware.go" line-rate="1" branch-rate="0" complexity="0" line-count="62" line-hits="62">
					<methods>
						<method name="NewMiddlewareGenerator" signature="" line-rate="1" branch-rate="0" complexity="0" line-count="0" line-hits="0">
							<lines>
								<line number="26" hits="43"></line>
								<line number="27" hits="1"></line>
								<line number="30" hits="42"></line>
								<line number="31" hits="1"></line>
								<line number="34" hits="41"></line>
								<line number="35" hits="41"></line>
								<line number="36" hits="1"></line>
								<line number="39" hits="41"></line>
								<line number="40" hits="41"></line>
								<line number="41" hits="5"></line>
								<line number="42" hits="5"></line>
								<line number="45" hits="36"></line>
								<line number="55" hits="36"></line>
								<line number="56" hits="36"></line>
								<line number="57" hits="4"></line>
								<line number="58" hits="4"></line>
								<line number="61" hits="32"></line>
								<line number="62" hits="32"></line>
								<line number="63" hits="32"></line>
								<line number="64" hits="32"></line>
								<line number="68" hits="32"></line>
								<line number="88" hits="32"></line>
							</lines>
						</method>
						<method name="@45:43" signature="" line-rate="1" branch-rate="0" complexity="0" line-count="0" line-hits="0">
							<lines>
								<line number="47" hits="5"></line>
								<line number="48" hits="5"></line>
								<line number="49" hits="4"></line>
								<line number="50" hits="4"></line>
								<line number="52" hits="1"></line>
							</lines>
						</method>
						<method name="@68:50" signature="" line-rate="1" branch-rate="0" complexity="0" line-count="0" line-hits="0">
							<lines>
								<line number="69" hits="9"></line>
								<line number="71" hits="9"></line>
								<line number="72" hits="9"></line>
								<line number="73" hits="4"></line>
								<line number="74" hits="4"></line>
								<line number="77" hits="5"></line>
								<line number="79" hits="9"></line>
								<line number="80" hits="4"></line>
								<line number="83" hits="5"></line>
							</lines>
						</method>
						<method name="@88:9" signature="" line-rate="1" branch-rate="0" complexity="0" line-count="0" line-hits="0">
							<lines>
								<line number="92" hits="30"></line>
								<line number="93" hits="30"></line>
								<line number="94" hits="30"></line>
								<line number="95" hits="4"></line>
								<line number="96" hits="4"></line>
								<line number="99" hits="26"></line>
								<line number="109" hits="26"></line>
							</lines>
						</method>
						<method name="@99:45" signature="" line-rate="1" branch-rate="0" complexity="0" line-count="0" line-hits="0">
							<lines>
								<line number="101" hits="5"></line>
								<line number="102" hits="5"></line>
								<line number="103" hits="4"></line>
								<line number="104" hits="4"></line>
								<line number="106" hits="1"></line>
							</lines>
						</method>
						<method name="@109:10" signature="" line-rate="1" branch-rate="0" complexity="0" line-count="0" line-hits="0">
							<lines>
								<line number="113" hits="9"></line>
							</lines>
						</method>
						<method name="@113:11" signature="" line-rate="1" branch-rate="0" complexity="0" line-count="0" line-hits="0">
							<lines>
								<line number="117" hits="9"></line>
								<line number="151" hits="9"></line>
								<line number="157" hits="9"></line>
								<line number="160" hits="9"></line>
								<line number="161" hits="6"></line>
							</lines>
						</method>
						<method name="@117:14" signature="" line-rate="1" branch-rate="0" complexity="0" line-count="0" line-hits="0">
							<lines>
								<line number="118" hits="8"></line>
								<line number="120" hits="8"></line>
								<line number="123" hits="1"></line>
								<line number="128" hits="5"></line>
								<line number="134" hits="2"></line>
								<line number="141" hits="8"></line>
							</lines>
						</method>
						<method name="@151:11" signature="" line-rate="1" branch-rate="0" complexity="0" line-count="0" line-hits="0">
							<lines>
								<line number="152" hits="9"></line>
								<line number="153" hits="2"></line>
							</lines>
						</method>
					</methods>
					<lines>
						<line number="26" hits="43"></line>
						<line number="27" hits="1"></line>
						<line number="30" hits="42"></line>
						<line number="31" hits="1"></line>
						<line number="34" hits="41"></line>
						<line number="35" hits="41"></line>
						<line number="36" hits="1"></line>
						<line number="39" hits="41"></line>
						<line number="40" hits="41"></line>
						<line number="41" hits="5"></line>
						<line number="42" hits="5"></line>
						<line number="45" hits="36"></line>
						<line number="55" hits="36"></line>
						<line number="56" hits="36"></line>
						<line number="57" hits="4"></line>
						<line number="58" hits="4"></line>
						<line number="61" hits="32"></line>
						<line number="62" hits="32"></line>
						<line number="63" hits="32"></line>
						<line number="64" hits="32"></line>
						<line number="68" hits="32"></line>
						<line number="88" hits="32"></line>
						<line number="47" hits="5"></line>
						<line number="48" hits="5"></line>
						<line number="49" hits="4"></line>
						<line number="50" hits="4"></line>
						<line number="52" hits="1"></line>
						<line number="69" hits="9"></line>
						<line number="71" hits="9"></line>
						<line number="72" hits="9"></line>
						<line number="73" hits="4"></line>
						<line number="74" hits="4"></line>
						<line number="77" hits="5"></line>
						<line number="79" hits="9"></line>
						<line number="80" hits="4"></line>
						<line number="83" hits="5"></line>
						<line number="92" hits="30"></line>
						<line number="93" hits="30"></line>
						<line number="94" hits="30"></line>
						<line number="95" hits="4"></line>
						<line number="96" hits="4"></line>
						<line number="99" hits="26"></line>
						<line number="109" hits="26"></line>
						<line number="101" hits="5"></line>
						<line number="102" hits="5"></line>
						<line number="103" hits="4"></line>
						<line number="104" hits="4"></line>
						<line number="106" hits="1"></line>
						<line number="113" hits="9"></line>
						<line number="117" hits="9"></line>
						<line number="151" hits="9"></line>
						<line number="157" hits="9"></line>
						<line number="160" hits="9"></line>
						<line number="161" hits="6"></line>
						<line number="118" hits="8"></line>
						<line number="120" hits="8"></line>
						<line number="123" hits="1"></line>
						<line number="128" hits="5"></line>
						<line number="134" hits="2"></line>
						<line number="141" hits="8"></line>
						<line number="152" hits="9"></line>
						<line number="153" hits="2"></line>
					</lines>
				</class>
				<class name="Provider" filename="envelopemw/provider.go" line-rate="1" branch-rate="0" complexity="0" line-count="7" line-hits="7">
					<methods>
						<method name="Register" signature="" line-rate="1" branch-rate="0" complexity="0" line-count="0" line-hits="0">
							<lines>
								<line number="25" hits="7"></line>
								<line number="26" hits="2"></line>
								<line number="29" hits="5"></line>
								<line number="30" hits="5"></line>
							</lines>
						</method>
						<method name="Boot" signature="" line-rate="1" branch-rate="0" complexity="0" line-count="0" line-hits="0">
							<lines>
								<line number="38" hits="3"></line>
								<line number="39" hits="2"></line>
								<line number="41" hits="1"></line>
							</lines>
						</method>
					</methods>
					<lines>
						<line number="25" hits="7"></line>
						<line number="26" hits="2"></line>
						<line number="29" hits="5"></line>
						<line number="30" hits="5"></line>
						<line number="38" hits="3"></line>
						<line number="39" hits="2"></line>
						<line number="41" hits="1"></line>
					</lines>
				</class>
				<class name="-" filename="envelopemw/errors.go" line-rate="1" branch-rate="0" complexity="0" line-count="2" line-hits="2">
					<methods>
						<method name="errNilPointer" signature="" line-rate="1" branch-rate="0" complexity="0" line-count="0" line-hits="0">
							<lines>
								<line number="13" hits="8"></line>
							</lines>
						</method>
						<method name="errConversion" signature="" line-rate="1" branch-rate="0" complexity="0" line-count="0" line-hits="0">
							<lines>
								<line number="21" hits="2"></line>
							</lines>
						</method>
					</methods>
					<lines>
						<line number="13" hits="8"></line>
						<line number="21" hits="2"></line>
					</lines>
				</class>
			</classes>
		</package>
		<package name="github.com/happyhippyhippo/slate-rest/logmw" line-rate="1" branch-rate="0" complexity="0" line-count="142" line-hits="142">
			<classes>
				<class name="-" filename="logmw/response_reader_default.go" line-rate="1" branch-rate="0" complexity="0" line-count="13" line-hits="13">
					<methods>
						<method name="ResponseReaderDefault" signature="" line-rate="1" branch-rate="0" complexity="0" line-count="0" line-hits="0">
							<lines>
								<line number="15" hits="3"></line>
								<line number="16" hits="1"></line>
								<line number="19" hits="2"></line>
								<line number="21" hits="2"></line>
								<line number="27" hits="2"></line>
								<line number="28" hits="1"></line>
								<line number="31" hits="2"></line>
							</lines>
						</method>
						<method name="responseHeaders" signature="" line-rate="1" branch-rate="0" complexity="0" line-count="0" line-hits="0">
							<lines>
								<line number="38" hits="2"></line>
								<line number="39" hits="2"></line>
								<line number="40" hits="4"></line>
								<line number="41" hits="2"></line>
								<line number="43" hits="2"></line>
								<line number="46" hits="2"></line>
							</lines>
						</method>
					</methods>
					<lines>
						<line number="15" hits="3"></line>
						<line number="16" hits="1"></line>
						<line number="19" hits="2"></line>
						<line number="21" hits="2"></line>
						<line number="27" hits="2"></line>
						<line number="28" hits="1"></line>
						<line number="31" hits="2"></line>
						<line number="38" hits="2"></line>
						<line number="39" hits="2"></line>
						<line number="40" hits="4"></line>
						<line number="41" hits="2"></line>
						<line number="43" hits="2"></line>
						<line number="46" hits="2"></line>
					</lines>
				</class>
				<class name="-" filename="logmw/response_writer.go" line-rate="1" branch-rate="0" complexity="0" line-count="3" line-hits="3">
					<methods>
						<method name="newResponseWriter" signature="" line-rate="1" branch-rate="0" complexity="0" line-count="0" line-hits="0">
							<lines>
								<line number="25" hits="19"></line>
								<line number="26" hits="1"></line>
								<line number="29" hits="18"></line>
							</lines>
						</method>
					</methods>
					<lines>
						<line number="25" hits="19"></line>
						<line number="26" hits="1"></line>
						<line number="29" hits="18"></line>
					</lines>
				</class>
				<class name="writer" filename="logmw/response_writer.go" line-rate="1" branch-rate="0" complexity="0" line-count="3" line-hits="3">
					<methods>
						<method name="Write" signature="" line-rate="1" branch-rate="0" complexity="0" line-count="0" line-hits="0">
							<lines>
								<line number="42" hits="1"></line>
								<line number="43" hits="1"></line>
							</lines>
						</method>
						<method name="Body" signature="" line-rate="1" branch-rate="0" complexity="0" line-count="0" line-hits="0">
							<lines>
								<line number="50" hits="2"></line>
							</lines>
						</method>
					</methods>
					<lines>
						<line number="42" hits="1"></line>
						<line number="43" hits="1"></line>
						<line number="50" hits="2"></line>
					</lines>
				</class>
				<class name="-" filename="logmw/env.go" line-rate="1" branch-rate="0" complexity="0" line-count="4" line-hits="4">
					<methods>
						<method name="envToLogLevel" signature="" line-rate="1" branch-rate="0" complexity="0" line-count="0" line-hits="0">
							<lines>
								<line number="55" hits="15"></line>
								<line number="56" hits="15"></line>
								<line number="57" hits="3"></line>
								<line number="59" hits="12"></line>
							</lines>
						</method>
					</methods>
					<lines>
						<line number="55" hits="15"></line>
						<line number="56" hits="15"></line>
						<line number="57" hits="3"></line>
						<line number="59" hits="12"></line>
					</lines>
				</class>
				<class name="-" filename="logmw/middleware.go" line-rate="1" branch-rate="0" complexity="0" line-count="19" line-hits="19">
					<methods>
						<method name="NewMiddlewareGenerator" signature="" line-rate="1" branch-rate="0" complexity="0" line-count="0" line-hits="0">
							<lines>
								<line number="21" hits="6"></line>
								<line number="22" hits="1"></line>
								<line number="25" hits="5"></line>
								<line number="26" hits="1"></line>
								<line number="29" hits="4"></line>
								<line number="30" hits="1"></line>
								<line number="33" hits="3"></line>
							</lines>
						</method>
						<method name="@33:9" signature="" line-rate="1" branch-rate="0" complexity="0" line-count="0" line-hits="0">
							<lines>
								<line number="37" hits="1"></line>
							</lines>
						</method>
						<method name="@37:10" signature="" line-rate="1" branch-rate="0" complexity="0" line-count="0" line-hits="0">
							<lines>
								<line number="41" hits="1"></line>
							</lines>
						</method>
						<method name="@41:11" signature="" line-rate="1" branch-rate="0" complexity="0" line-count="0" line-hits="0">
							<lines>
								<line number="45" hits="1"></line>
								<line number="46" hits="1"></line>
								<line number="48" hits="1"></line>
								<line number="49" hits="1"></line>
								<line number="59" hits="1"></line>
								<line number="60" hits="1"></line>
								<line number="61" hits="1"></line>
								<line number="63" hits="1"></line>
								<line number="65" hits="1"></line>
								<line number="66" hits="1"></line>
							</lines>
						</method>
					</methods>
					<lines>
						<line number="21" hits="6"></line>
						<line number="22" hits="1"></line>
						<line number="25" hits="5"></line>
						<line number="26" hits="1"></line>
						<line number="29" hits="4"></line>
						<line number="30" hits="1"></line>
						<line number="33" hits="3"></line>
						<line number="37" hits="1"></line>
						<line number="41" hits="1"></line>
						<line number="45" hits="1"></line>
						<line number="46" hits="1"></line>
						<line number="48" hits="1"></line>
						<line number="49" hits="1"></line>
						<line number="59" hits="1"></line>
						<line number="60" hits="1"></line>
						<line number="61" hits="1"></line>
						<line number="63" hits="1"></line>
						<line number="65" hits="1"></line>
						<line number="66" hits="1"></line>
					</lines>
				</class>
				<class name="Provider" filename="logmw/provider.go" line-rate="1" branch-rate="0" complexity="0" line-count="9" line-hits="9">
					<methods>
						<method name="Register" signature="" line-rate="1" branch-rate="0" complexity="0" line-count="0" line-hits="0">
							<lines>
								<line number="32" hits="10"></line>
								<line number="33" hits="2"></line>
								<line number="36" hits="8"></line>
								<line number="47" hits="8"></line>
								<line number="58" hits="8"></line>
								<line number="59" hits="8"></line>
							</lines>
						</method>
						<method name="Boot" signature="" line-rate="1" branch-rate="0" complexity="0" line-count="0" line-hits="0">
							<lines>
								<line number="70" hits="3"></line>
								<line number="71" hits="2"></line>
								<line number="73" hits="1"></line>
							</lines>
						</method>
					</methods>
					<lines>
						<line number="32" hits="10"></line>
						<line number="33" hits="2"></line>
						<line number="36" hits="8"></line>
						<line number="47" hits="8"></line>
						<line number="58" hits="8"></line>
						<line number="59" hits="8"></line>
						<line number="70" hits="3"></line>
						<line number="71" hits="2"></line>
						<line number="73" hits="1"></line>
					</lines>
				</class>
				<class name="-" filename="logmw/provider.go" line-rate="1" branch-rate="0" complexity="0" line-count="12" line-hits="12">
					<methods>
						<method name="@36:44" signature="" line-rate="1" branch-rate="0" complexity="0" line-count="0" line-hits="0">
							<lines>
								<line number="37" hits="3"></line>
								<line number="38" hits="3"></line>
								<line number="39" hits="3"></line>
								<line number="41" hits="3"></line>
								<line number="42" hits="1"></line>
								<line number="44" hits="3"></line>
							</lines>
						</method>
						<method name="@47:45" signature="" line-rate="1" branch-rate="0" complexity="0" line-count="0" line-hits="0">
							<lines>
								<line number="48" hits="2"></line>
								<line number="49" hits="2"></line>
								<line number="50" hits="2"></line>
								<line number="52" hits="2"></line>
								<line number="53" hits="1"></line>
								<line number="55" hits="2"></line>
							</lines>
						</method>
					</methods>
					<lines>
						<line number="37" hits="3"></line>
						<line number="38" hits="3"></line>
						<line number="39" hits="3"></line>
						<line number="41" hits="3"></line>
						<line number="42" hits="1"></line>
						<line number="44" hits="3"></line>
						<line number="48" hits="2"></line>
						<line number="49" hits="2"></line>
						<line number="50" hits="2"></line>
						<line number="52" hits="2"></line>
						<line number="53" hits="1"></line>
						<line number="55" hits="2"></line>
					</lines>
				</class>
				<class name="-" filename="logmw/request_reader_default.go" line-rate="1" branch-rate="0" complexity="0" line-count="19" line-hits="19">
					<methods>
						<method name="RequestReaderDefault" signature="" line-rate="1" branch-rate="0" complexity="0" line-count="0" line-hits="0">
							<lines>
								<line number="18" hits="2"></line>
								<line number="19" hits="1"></line>
								<line number="22" hits="1"></line>
								<line number="23" hits="1"></line>
								<line number="24" hits="2"></line>
								<line number="25" hits="1"></line>
								<line number="27" hits="1"></line>
								<line number="31" hits="1"></line>
							</lines>
						</method>
						<method name="requestHeaders" signature="" line-rate="1" branch-rate="0" complexity="0" line-count="0" line-hits="0">
							<lines>
								<line number="42" hits="1"></line>
								<line number="43" hits="1"></line>
								<line number="44" hits="2"></line>
								<line number="45" hits="1"></line>
								<line number="47" hits="1"></line>
								<line number="50" hits="1"></line>
							</lines>
						</method>
						<method name="requestBody" signature="" line-rate="1" branch-rate="0" complexity="0" line-count="0" line-hits="0">
							<lines>
								<line number="55" hits="1"></line>
								<line number="56" hits="1"></line>
								<line number="57" hits="1"></line>
								<line number="60" hits="1"></line>
								<line number="61" hits="1"></line>
							</lines>
						</method>
					</methods>
					<lines>
						<line number="18" hits="2"></line>
						<line number="19" hits="1"></line>
						<line number="22" hits="1"></line>
						<line number="23" hits="1"></line>
						<line number="24" hits="2"></line>
						<line number="25" hits="1"></line>
						<line number="27" hits="1"></line>
						<line number="31" hits="1"></line>
						<line number="42" hits="1"></line>
						<line number="43" hits="1"></line>
						<line number="44" hits="2"></line>
						<line number="45" hits="1"></line>
						<line number="47" hits="1"></line>
						<line number="50" hits="1"></line>
						<line number="55" hits="1"></line>
						<line number="56" hits="1"></line>
						<line number="57" hits="1"></line>
						<line number="60" hits="1"></line>
						<line number="61" hits="1"></line>
					</lines>
				</class>
				<class name="-" filename="logmw/response_reader_decorator_json.go" line-rate="1" branch-rate="0" complexity="0" line-count="16" line-hits="16">
					<methods>
						<method name="NewResponseReaderDecoratorJSON" signature="" line-rate="1" branch-rate="0" complexity="0" line-count="0" line-hits="0">
							<lines>
								<line number="19" hits="12"></line>
								<line number="20" hits="1"></line>
								<line number="23" hits="11"></line>
							</lines>
						</method>
						<method name="@23:9" signature="" line-rate="1" branch-rate="0" complexity="0" line-count="0" line-hits="0">
							<lines>
								<line number="29" hits="9"></line>
								<line number="30" hits="1"></line>
								<line number="33" hits="8"></line>
								<line number="34" hits="1"></line>
								<line number="37" hits="7"></line>
								<line number="38" hits="7"></line>
								<line number="39" hits="1"></line>
								<line number="44" hits="6"></line>
								<line number="45" hits="5"></line>
								<line number="46" hits="5"></line>
								<line number="47" hits="3"></line>
								<line number="48" hits="2"></line>
								<line number="53" hits="6"></line>
							</lines>
						</method>
					</methods>
					<lines>
						<line number="19" hits="12"></line>
						<line number="20" hits="1"></line>
						<line number="23" hits="11"></line>
						<line number="29" hits="9"></line>
						<line number="30" hits="1"></line>
						<line number="33" hits="8"></line>
						<line number="34" hits="1"></line>
						<line number="37" hits="7"></line>
						<line number="38" hits="7"></line>
						<line number="39" hits="1"></line>
						<line number="44" hits="6"></line>
						<line number="45" hits="5"></line>
						<line number="46" hits="5"></line>
						<line number="47" hits="3"></line>
						<line number="48" hits="2"></line>
						<line number="53" hits="6"></line>
					</lines>
				</class>
				<class name="-" filename="logmw/errors.go" line-rate="1" branch-rate="0" complexity="0" line-count="2" line-hits="2">
					<methods>
						<method name="errNilPointer" signature="" line-rate="1" branch-rate="0" complexity="0" line-count="0" line-hits="0">
							<lines>
								<line number="13" hits="22"></line>
							</lines>
						</method>
						<method name="errConversion" signature="" line-rate="1" branch-rate="0" complexity="0" line-count="0" line-hits="0">
							<lines>
								<line number="21" hits="2"></line>
							</lines>
						</method>
					</methods>
					<lines>
						<line number="13" hits="22"></line>
						<line number="21" hits="2"></line>
					</lines>
				</class>
				<class name="-" filename="logmw/request_reader_decorator_json.go" line-rate="1" branch-rate="0" complexity="0" line-count="13" line-hits="13">
					<methods>
						<method name="NewRequestReaderDecoratorJSON" signature="" line-rate="1" branch-rate="0" complexity="0" line-count="0" line-hits="0">
							<lines>
								<line number="19" hits="10"></line>
								<line number="20" hits="1"></line>
								<line number="23" hits="9"></line>
							</lines>
						</method>
						<method name="@23:9" signature="" line-rate="1" branch-rate="0" complexity="0" line-count="0" line-hits="0">
							<lines>
								<line number="27" hits="6"></line>
								<line number="28" hits="1"></line>
								<line number="31" hits="5"></line>
								<line number="32" hits="5"></line>
								<line number="33" hits="1"></line>
								<line number="38" hits="4"></line>
								<line number="39" hits="4"></line>
								<line number="40" hits="2"></line>
								<line number="41" hits="1"></line>
								<line number="45" hits="4"></line>
							</lines>
						</method>
					</methods>
					<lines>
						<line number="19" hits="10"></line>
						<line number="20" hits="1"></line>
						<line number="23" hits="9"></line>
						<line number="27" hits="6"></line>
						<line number="28" hits="1"></line>
						<line number="31" hits="5"></line>
						<line number="32" hits="5"></line>
						<line number="33" hits="1"></line>
						<line number="38" hits="4"></line>
						<line number="39" hits="4"></line>
						<line number="40" hits="2"></line>
						<line number="41" hits="1"></line>
						<line number="45" hits="4"></line>
					</lines>
				</class>
				<class name="-" filename="logmw/request_reader_decorator_xml.go" line-rate="1" branch-rate="0" complexity="0" line-count="13" line-hits="13">
					<methods>
						<method name="NewRequestReaderDecoratorXML" signature="" line-rate="1" branch-rate="0" complexity="0" line-count="0" line-hits="0">
							<lines>
								<line number="19" hits="9"></line>
								<line number="20" hits="1"></line>
								<line number="23" hits="8"></line>
							</lines>
						</method>
						<method name="@23:9" signature="" line-rate="1" branch-rate="0" complexity="0" line-count="0" line-hits="0">
							<lines>
								<line number="27" hits="7"></line>
								<line number="28" hits="1"></line>
								<line number="31" hits="6"></line>
								<line number="32" hits="6"></line>
								<line number="33" hits="1"></line>
								<line number="38" hits="5"></line>
								<line number="39" hits="5"></line>
								<line number="40" hits="3"></line>
								<line number="41" hits="2"></line>
								<line number="45" hits="5"></line>
							</lines>
						</method>
					</methods>
					<lines>
						<line number="19" hits="9"></line>
						<line number="20" hits="1"></line>
						<line number="23" hits="8"></line>
						<line number="27" hits="7"></line>
						<line number="28" hits="1"></line>
						<line number="31" hits="6"></line>
						<line number="32" hits="6"></line>
						<line number="33" hits="1"></line>
						<line number="38" hits="5"></line>
						<line number="39" hits="5"></line>
						<line number="40" hits="3"></line>
						<line number="41" hits="2"></line>
						<line number="45" hits="5"></line>
					</lines>
				</class>
				<class name="-" filename="logmw/response_reader_decorator_xml.go" line-rate="1" branch-rate="0" complexity="0" line-count="16" line-hits="16">
					<methods>
						<method name="NewResponseReaderDecoratorXML" signature="" line-rate="1" branch-rate="0" complexity="0" line-count="0" line-hits="0">
							<lines>
								<line number="19" hits="11"></line>
								<line number="20" hits="1"></line>
								<line number="23" hits="10"></line>
							</lines>
						</method>
						<method name="@23:9" signature="" line-rate="1" branch-rate="0" complexity="0" line-count="0" line-hits="0">
							<lines>
								<line number="29" hits="9"></line>
								<line number="30" hits="1"></line>
								<line number="33" hits="8"></line>
								<line number="34" hits="1"></line>
								<line number="37" hits="7"></line>
								<line number="38" hits="7"></line>
								<line number="39" hits="1"></line>
								<line number="44" hits="6"></line>
								<line number="45" hits="5"></line>
								<line number="46" hits="5"></line>
								<line number="47" hits="3"></line>
								<line number="48" hits="2"></line>
								<line number="53" hits="6"></line>
							</lines>
						</method>
					</methods>
					<lines>
						<line number="19" hits="11"></line>
						<line number="20" hits="1"></line>
						<line number="23" hits="10"></line>
						<line number="29" hits="9"></line>
						<line number="30" hits="1"></line>
						<line number="33" hits="8"></line>
						<line number="34" hits="1"></line>
						<line number="37" hits="7"></line>
						<line number="38" hits="7"></line>
						<line number="39" hits="1"></line>
						<line number="44" hits="6"></line>
						<line number="45" hits="5"></line>
						<line number="46" hits="5"></line>
						<line number="47" hits="3"></line>
						<line number="48" hits="2"></line>
						<line number="53" hits="6"></line>
					</lines>
				</class>
			</classes>
		</package>
		<package name="github.com/happyhippyhippo/slate-rest/validation" line-rate="1" branch-rate="0" complexity="0" line-count="57" line-hits="57">
			<classes>
				<class name="-" filename="validation/parser.go" line-rate="1" branch-rate="0" complexity="0" line-count="3" line-hits="3">
					<methods>
						<method name="NewParser" signature="" line-rate="1" branch-rate="0" complexity="0" line-count="0" line-hits="0">
							<lines>
								<line number="31" hits="13"></line>
								<line number="32" hits="1"></line>
								<line number="35" hits="12"></line>
							</lines>
						</method>
					</methods>
					<lines>
						<line number="31" hits="13"></line>
						<line number="32" hits="1"></line>
						<line number="35" hits="12"></line>
					</lines>
				</class>
				<class name="parser" filename="validation/parser.go" line-rate="1" branch-rate="0" complexity="0" line-count="22" line-hits="22">
					<methods>
						<method name="Parse" signature="" line-rate="1" branch-rate="0" complexity="0" line-count="0" line-hits="0">
							<lines>
								<line number="168" hits="9"></line>
								<line number="169" hits="1"></line>
								<line number="172" hits="8"></line>
								<line number="173" hits="2"></line>
								<line number="176" hits="6"></line>
								<line number="177" hits="6"></line>
								<line number="178" hits="6"></line>
								<line number="179" hits="6"></line>
								<line number="180" hits="2"></line>
								<line number="182" hits="4"></line>
								<line number="185" hits="4"></line>
							</lines>
						</method>
						<method name="AddError" signature="" line-rate="1" branch-rate="0" complexity="0" line-count="0" line-hits="0">
							<lines>
								<line number="193" hits="1"></line>
							</lines>
						</method>
						<method name="convert" signature="" line-rate="1" branch-rate="0" complexity="0" line-count="0" line-hits="0">
							<lines>
								<line number="200" hits="6"></line>
								<line number="201" hits="1"></line>
								<line number="204" hits="5"></line>
								<line number="205" hits="5"></line>
								<line number="206" hits="5"></line>
								<line number="207" hits="5"></line>
								<line number="208" hits="2"></line>
								<line number="209" hits="2"></line>
								<line number="210" hits="1"></line>
								<line number="214" hits="4"></line>
							</lines>
						</method>
					</methods>
					<lines>
						<line number="168" hits="9"></line>
						<line number="169" hits="1"></line>
						<line number="172" hits="8"></line>
						<line number="173" hits="2"></line>
						<line number="176" hits="6"></line>
						<line number="177" hits="6"></line>
						<line number="178" hits="6"></line>
						<line number="179" hits="6"></line>
						<line number="180" hits="2"></line>
						<line number="182" hits="4"></line>
						<line number="185" hits="4"></line>
						<line number="193" hits="1"></line>
						<line number="200" hits="6"></line>
						<line number="201" hits="1"></line>
						<line number="204" hits="5"></line>
						<line number="205" hits="5"></line>
						<line number="206" hits="5"></line>
						<line number="207" hits="5"></line>
						<line number="208" hits="2"></line>
						<line number="209" hits="2"></line>
						<line number="210" hits="1"></line>
						<line number="214" hits="4"></line>
					</lines>
				</class>
				<class name="Provider" filename="validation/provider.go" line-rate="1" branch-rate="0" complexity="0" line-count="10" line-hits="10">
					<methods>
						<method name="Register" signature="" line-rate="1" branch-rate="0" complexity="0" line-count="0" line-hits="0">
							<lines>
								<line number="41" hits="13"></line>
								<line number="42" hits="2"></line>
								<line number="45" hits="11"></line>
								<line number="50" hits="11"></line>
								<line number="58" hits="11"></line>
								<line number="60" hits="11"></line>
								<line number="65" hits="11"></line>
							</lines>
						</method>
						<method name="Boot" signature="" line-rate="1" branch-rate="0" complexity="0" line-count="0" line-hits="0">
							<lines>
								<line number="73" hits="3"></line>
								<line number="74" hits="2"></line>
								<line number="76" hits="1"></line>
							</lines>
						</method>
					</methods>
					<lines>
						<line number="41" hits="13"></line>
						<line number="42" hits="2"></line>
						<line number="45" hits="11"></line>
						<line number="50" hits="11"></line>
						<line number="58" hits="11"></line>
						<line number="60" hits="11"></line>
						<line number="65" hits="11"></line>
						<line number="73" hits="3"></line>
						<line number="74" hits="2"></line>
						<line number="76" hits="1"></line>
					</lines>
				</class>
				<class name="-" filename="validation/provider.go" line-rate="1" branch-rate="0" complexity="0" line-count="9" line-hits="9">
					<methods>
						<method name="@45:50" signature="" line-rate="1" branch-rate="0" complexity="0" line-count="0" line-hits="0">
							<lines>
								<line number="46" hits="8"></line>
								<line number="47" hits="8"></line>
							</lines>
						</method>
						<method name="@50:41" signature="" line-rate="1" branch-rate="0" complexity="0" line-count="0" line-hits="0">
							<lines>
								<line number="51" hits="7"></line>
								<line number="52" hits="7"></line>
								<line number="53" hits="3"></line>
								<line number="55" hits="4"></line>
							</lines>
						</method>
						<method name="@60:31" signature="" line-rate="1" branch-rate="0" complexity="0" line-count="0" line-hits="0">
							<lines>
								<line number="61" hits="1"></line>
								<line number="62" hits="1"></line>
								<line number="63" hits="1"></line>
							</lines>
						</method>
					</methods>
					<lines>
						<line number="46" hits="8"></line>
						<line number="47" hits="8"></line>
						<line number="51" hits="7"></line>
						<line number="52" hits="7"></line>
						<line number="53" hits="3"></line>
						<line number="55" hits="4"></line>
						<line number="61" hits="1"></line>
						<line number="62" hits="1"></line>
						<line number="63" hits="1"></line>
					</lines>
				</class>
				<class name="-" filename="validation/validator.go" line-rate="1" branch-rate="0" complexity="0" line-count="10" line-hits="10">
					<methods>
						<method name="NewValidator" signature="" line-rate="1" branch-rate="0" complexity="0" line-count="0" line-hits="0">
							<lines>
								<line number="19" hits="8"></line>
								<line number="20" hits="1"></line>
								<line number="23" hits="7"></line>
								<line number="24" hits="1"></line>
								<line number="27" hits="6"></line>
							</lines>
						</method>
						<method name="@27:9" signature="" line-rate="1" branch-rate="0" complexity="0" line-count="0" line-hits="0">
							<lines>
								<line number="29" hits="4"></line>
								<line number="30" hits="1"></line>
								<line number="33" hits="3"></line>
								<line number="35" hits="2"></line>
								<line number="37" hits="1"></line>
							</lines>
						</method>
					</methods>
					<lines>
						<line number="19" hits="8"></line>
						<line number="20" hits="1"></line>
						<line number="23" hits="7"></line>
						<line number="24" hits="1"></line>
						<line number="27" hits="6"></line>
						<line number="29" hits="4"></line>
						<line number="30" hits="1"></line>
						<line number="33" hits="3"></line>
						<line number="35" hits="2"></line>
						<line number="37" hits="1"></line>
					</lines>
				</class>
				<class name="-" filename="validation/errors.go" line-rate="1" branch-rate="0" complexity="0" line-count="3" line-hits="3">
					<methods>
						<method name="errNilPointer" signature="" line-rate="1" branch-rate="0" complexity="0" line-count="0" line-hits="0">
							<lines>
								<line number="18" hits="13"></line>
							</lines>
						</method>
						<method name="errConversion" signature="" line-rate="1" branch-rate="0" complexity="0" line-count="0" line-hits="0">
							<lines>
								<line number="26" hits="2"></line>
							</lines>
						</method>
						<method name="errTranslatorNotFound" signature="" line-rate="1" branch-rate="0" complexity="0" line-count="0" line-hits="0">
							<lines>
								<line number="33" hits="5"></line>
							</lines>
						</method>
					</methods>
					<lines>
						<line number="18" hits="13"></line>
						<line number="26" hits="2"></line>
						<line number="33" hits="5"></line>
					</lines>
				</class>
			</classes>
		</package>
	</packages>
	<sources>
		<source>/home/happyhippyhippo/Projects/slate/code/slate-rest</source>
	</sources>
</coverage>
