mode: atomic
github.com/happyhippyhippo/slate-rest/envelope/list_report.go:27.15,31.15 2 10
github.com/happyhippyhippo/slate-rest/envelope/list_report.go:43.2,44.25 2 10
github.com/happyhippyhippo/slate-rest/envelope/list_report.go:49.2,56.3 1 10
github.com/happyhippyhippo/slate-rest/envelope/list_report.go:31.15,34.20 2 9
github.com/happyhippyhippo/slate-rest/envelope/list_report.go:38.3,38.76 1 9
github.com/happyhippyhippo/slate-rest/envelope/list_report.go:34.20,36.4 1 4
github.com/happyhippyhippo/slate-rest/envelope/list_report.go:44.25,47.3 1 7
github.com/happyhippyhippo/slate-rest/envelope/status.go:11.26,16.2 1 15
github.com/happyhippyhippo/slate-rest/envelope/status.go:21.11,25.2 3 20
github.com/happyhippyhippo/slate-rest/envelope/status.go:30.11,31.26 1 2
github.com/happyhippyhippo/slate-rest/envelope/status.go:34.2,34.10 1 2
github.com/happyhippyhippo/slate-rest/envelope/status.go:31.26,33.3 1 6
github.com/happyhippyhippo/slate-rest/envelope/status.go:40.11,41.26 1 4
github.com/happyhippyhippo/slate-rest/envelope/status.go:44.2,44.10 1 4
github.com/happyhippyhippo/slate-rest/envelope/status.go:41.26,43.3 1 6
github.com/happyhippyhippo/slate-rest/envelope/status_error.go:25.16,30.2 1 37
github.com/happyhippyhippo/slate-rest/envelope/status_error.go:35.16,38.2 2 15
github.com/happyhippyhippo/slate-rest/envelope/status_error.go:43.16,46.2 2 15
github.com/happyhippyhippo/slate-rest/envelope/status_error.go:51.16,54.2 2 4
github.com/happyhippyhippo/slate-rest/envelope/status_error.go:59.16,62.2 2 6
github.com/happyhippyhippo/slate-rest/envelope/status_error.go:67.16,70.2 2 1
github.com/happyhippyhippo/slate-rest/envelope/status_error.go:73.39,75.2 1 1
github.com/happyhippyhippo/slate-rest/envelope/status_error.go:78.42,80.2 1 1
github.com/happyhippyhippo/slate-rest/envelope/status_error.go:82.46,85.20 2 77
github.com/happyhippyhippo/slate-rest/envelope/status_error.go:89.2,89.21 1 77
github.com/happyhippyhippo/slate-rest/envelope/status_error.go:96.2,96.18 1 77
github.com/happyhippyhippo/slate-rest/envelope/status_error.go:103.2,103.19 1 77
github.com/happyhippyhippo/slate-rest/envelope/status_error.go:115.2,116.10 2 77
github.com/happyhippyhippo/slate-rest/envelope/status_error.go:85.20,87.3 1 30
github.com/happyhippyhippo/slate-rest/envelope/status_error.go:89.21,90.20 1 22
github.com/happyhippyhippo/slate-rest/envelope/status_error.go:93.3,93.50 1 22
github.com/happyhippyhippo/slate-rest/envelope/status_error.go:90.20,92.4 1 15
github.com/happyhippyhippo/slate-rest/envelope/status_error.go:96.18,97.20 1 7
github.com/happyhippyhippo/slate-rest/envelope/status_error.go:100.3,100.47 1 7
github.com/happyhippyhippo/slate-rest/envelope/status_error.go:97.20,99.4 1 6
github.com/happyhippyhippo/slate-rest/envelope/status_error.go:103.19,104.20 1 77
github.com/happyhippyhippo/slate-rest/envelope/status_error.go:108.3,108.50 1 77
github.com/happyhippyhippo/slate-rest/envelope/status_error.go:104.20,106.4 1 38
github.com/happyhippyhippo/slate-rest/envelope/status_error.go:108.50,110.4 1 4
github.com/happyhippyhippo/slate-rest/envelope/status_error.go:110.9,112.4 1 73
github.com/happyhippyhippo/slate-rest/envelope/status_error_list.go:15.9,19.22 2 3
github.com/happyhippyhippo/slate-rest/envelope/status_error_list.go:34.2,36.12 3 3
github.com/happyhippyhippo/slate-rest/envelope/status_error_list.go:19.22,32.3 3 4
github.com/happyhippyhippo/slate-rest/envelope/envelope.go:21.13,30.49 2 10
github.com/happyhippyhippo/slate-rest/envelope/envelope.go:33.2,33.12 1 10
github.com/happyhippyhippo/slate-rest/envelope/envelope.go:30.49,32.3 1 2
github.com/happyhippyhippo/slate-rest/envelope/envelope.go:37.39,39.2 1 1
github.com/happyhippyhippo/slate-rest/envelope/envelope.go:44.13,47.2 2 1
github.com/happyhippyhippo/slate-rest/envelope/envelope.go:52.13,55.2 2 3
github.com/happyhippyhippo/slate-rest/envelope/envelope.go:60.13,63.2 2 2
github.com/happyhippyhippo/slate-rest/envelope/envelope.go:68.13,71.2 2 10
github.com/happyhippyhippo/slate-rest/validation/parser.go:30.20,31.23 1 13
github.com/happyhippyhippo/slate-rest/validation/parser.go:35.2,159.8 1 12
github.com/happyhippyhippo/slate-rest/validation/parser.go:31.23,33.3 1 1
github.com/happyhippyhippo/slate-rest/validation/parser.go:167.31,168.16 1 9
github.com/happyhippyhippo/slate-rest/validation/parser.go:172.2,172.35 1 8
github.com/happyhippyhippo/slate-rest/validation/parser.go:176.2,177.25 2 6
github.com/happyhippyhippo/slate-rest/validation/parser.go:185.2,185.18 1 4
github.com/happyhippyhippo/slate-rest/validation/parser.go:168.16,170.3 1 1
github.com/happyhippyhippo/slate-rest/validation/parser.go:172.35,174.3 1 2
github.com/happyhippyhippo/slate-rest/validation/parser.go:177.25,179.20 2 6
github.com/happyhippyhippo/slate-rest/validation/parser.go:182.3,182.31 1 4
github.com/happyhippyhippo/slate-rest/validation/parser.go:179.20,181.4 1 2
github.com/happyhippyhippo/slate-rest/validation/parser.go:192.3,194.2 1 1
github.com/happyhippyhippo/slate-rest/validation/parser.go:199.34,200.14 1 6
github.com/happyhippyhippo/slate-rest/validation/parser.go:204.2,207.49 4 5
github.com/happyhippyhippo/slate-rest/validation/parser.go:214.2,214.100 1 4
github.com/happyhippyhippo/slate-rest/validation/parser.go:200.14,202.3 1 1
github.com/happyhippyhippo/slate-rest/validation/parser.go:207.49,209.52 2 2
github.com/happyhippyhippo/slate-rest/validation/parser.go:209.52,211.4 1 1
github.com/happyhippyhippo/slate-rest/validation/provider.go:39.9,41.48 1 13
github.com/happyhippyhippo/slate-rest/validation/provider.go:45.2,45.81 1 11
github.com/happyhippyhippo/slate-rest/validation/provider.go:50.2,50.114 1 11
github.com/happyhippyhippo/slate-rest/validation/provider.go:58.2,60.97 2 11
github.com/happyhippyhippo/slate-rest/validation/provider.go:65.2,65.12 1 11
github.com/happyhippyhippo/slate-rest/validation/provider.go:41.48,43.3 1 2
github.com/happyhippyhippo/slate-rest/validation/provider.go:45.81,48.3 2 8
github.com/happyhippyhippo/slate-rest/validation/provider.go:50.114,52.21 2 7
github.com/happyhippyhippo/slate-rest/validation/provider.go:55.3,55.25 1 4
github.com/happyhippyhippo/slate-rest/validation/provider.go:52.21,54.4 1 3
github.com/happyhippyhippo/slate-rest/validation/provider.go:60.97,64.3 3 1
github.com/happyhippyhippo/slate-rest/validation/provider.go:71.9,73.48 1 3
github.com/happyhippyhippo/slate-rest/validation/provider.go:76.2,76.12 1 1
github.com/happyhippyhippo/slate-rest/validation/provider.go:73.48,75.3 1 2
github.com/happyhippyhippo/slate-rest/validation/validator.go:17.22,19.21 1 8
github.com/happyhippyhippo/slate-rest/validation/validator.go:23.2,23.19 1 7
github.com/happyhippyhippo/slate-rest/validation/validator.go:27.2,27.61 1 6
github.com/happyhippyhippo/slate-rest/validation/validator.go:19.21,21.3 1 1
github.com/happyhippyhippo/slate-rest/validation/validator.go:23.19,25.3 1 1
github.com/happyhippyhippo/slate-rest/validation/validator.go:27.61,29.19 1 4
github.com/happyhippyhippo/slate-rest/validation/validator.go:33.3,33.50 1 3
github.com/happyhippyhippo/slate-rest/validation/validator.go:37.3,37.18 1 1
github.com/happyhippyhippo/slate-rest/validation/validator.go:29.19,31.4 1 1
github.com/happyhippyhippo/slate-rest/validation/validator.go:33.50,36.4 1 2
github.com/happyhippyhippo/slate-rest/validation/errors.go:17.9,19.2 1 13
github.com/happyhippyhippo/slate-rest/validation/errors.go:25.9,27.2 1 2
github.com/happyhippyhippo/slate-rest/validation/errors.go:32.9,34.2 1 5
github.com/happyhippyhippo/slate-rest/envelopemw/provider.go:23.9,25.48 1 7
github.com/happyhippyhippo/slate-rest/envelopemw/provider.go:29.2,30.12 2 5
github.com/happyhippyhippo/slate-rest/envelopemw/provider.go:25.48,27.3 1 2
github.com/happyhippyhippo/slate-rest/envelopemw/provider.go:36.9,38.48 1 3
github.com/happyhippyhippo/slate-rest/envelopemw/provider.go:41.2,41.12 1 1
github.com/happyhippyhippo/slate-rest/envelopemw/provider.go:38.48,40.3 1 2
github.com/happyhippyhippo/slate-rest/envelopemw/errors.go:12.9,14.2 1 8
github.com/happyhippyhippo/slate-rest/envelopemw/errors.go:20.9,22.2 1 2
github.com/happyhippyhippo/slate-rest/envelopemw/middleware.go:24.32,26.16 1 43
github.com/happyhippyhippo/slate-rest/envelopemw/middleware.go:30.2,30.19 1 42
github.com/happyhippyhippo/slate-rest/envelopemw/middleware.go:34.2,35.9 2 41
github.com/happyhippyhippo/slate-rest/envelopemw/middleware.go:39.2,40.14 2 41
github.com/happyhippyhippo/slate-rest/envelopemw/middleware.go:45.2,45.82 1 36
github.com/happyhippyhippo/slate-rest/envelopemw/middleware.go:55.2,56.14 2 36
github.com/happyhippyhippo/slate-rest/envelopemw/middleware.go:61.2,62.33 2 32
github.com/happyhippyhippo/slate-rest/envelopemw/middleware.go:68.2,68.89 1 32
github.com/happyhippyhippo/slate-rest/envelopemw/middleware.go:88.2,90.29 1 32
github.com/happyhippyhippo/slate-rest/envelopemw/middleware.go:26.16,28.3 1 1
github.com/happyhippyhippo/slate-rest/envelopemw/middleware.go:30.19,32.3 1 1
github.com/happyhippyhippo/slate-rest/envelopemw/middleware.go:35.9,37.3 1 1
github.com/happyhippyhippo/slate-rest/envelopemw/middleware.go:40.14,43.3 2 5
github.com/happyhippyhippo/slate-rest/envelopemw/middleware.go:45.82,48.10 2 5
github.com/happyhippyhippo/slate-rest/envelopemw/middleware.go:52.3,52.17 1 1
github.com/happyhippyhippo/slate-rest/envelopemw/middleware.go:48.10,51.4 2 4
github.com/happyhippyhippo/slate-rest/envelopemw/middleware.go:56.14,59.3 2 4
github.com/happyhippyhippo/slate-rest/envelopemw/middleware.go:62.33,63.31 1 32
github.com/happyhippyhippo/slate-rest/envelopemw/middleware.go:63.31,65.4 1 32
github.com/happyhippyhippo/slate-rest/envelopemw/middleware.go:68.89,72.10 3 9
github.com/happyhippyhippo/slate-rest/envelopemw/middleware.go:77.3,77.26 1 5
github.com/happyhippyhippo/slate-rest/envelopemw/middleware.go:72.10,75.4 2 4
github.com/happyhippyhippo/slate-rest/envelopemw/middleware.go:77.26,79.33 1 9
github.com/happyhippyhippo/slate-rest/envelopemw/middleware.go:79.33,81.5 1 4
github.com/happyhippyhippo/slate-rest/envelopemw/middleware.go:81.10,84.5 1 5
github.com/happyhippyhippo/slate-rest/envelopemw/middleware.go:90.29,94.15 3 30
github.com/happyhippyhippo/slate-rest/envelopemw/middleware.go:99.3,99.84 1 26
github.com/happyhippyhippo/slate-rest/envelopemw/middleware.go:109.3,111.21 1 26
github.com/happyhippyhippo/slate-rest/envelopemw/middleware.go:94.15,97.4 2 4
github.com/happyhippyhippo/slate-rest/envelopemw/middleware.go:99.84,102.11 2 5
github.com/happyhippyhippo/slate-rest/envelopemw/middleware.go:106.4,106.19 1 1
github.com/happyhippyhippo/slate-rest/envelopemw/middleware.go:102.11,105.5 2 4
github.com/happyhippyhippo/slate-rest/envelopemw/middleware.go:111.21,115.6 1 9
github.com/happyhippyhippo/slate-rest/envelopemw/middleware.go:115.6,117.36 1 9
github.com/happyhippyhippo/slate-rest/envelopemw/middleware.go:151.5,151.18 1 9
github.com/happyhippyhippo/slate-rest/envelopemw/middleware.go:157.5,160.56 2 9
github.com/happyhippyhippo/slate-rest/envelopemw/middleware.go:117.36,120.29 2 8
github.com/happyhippyhippo/slate-rest/envelopemw/middleware.go:141.6,147.7 1 8
github.com/happyhippyhippo/slate-rest/envelopemw/middleware.go:121.30,123.19 1 1
github.com/happyhippyhippo/slate-rest/envelopemw/middleware.go:124.17,130.56 1 5
github.com/happyhippyhippo/slate-rest/envelopemw/middleware.go:131.14,136.70 1 2
github.com/happyhippyhippo/slate-rest/envelopemw/middleware.go:151.18,152.34 1 9
github.com/happyhippyhippo/slate-rest/envelopemw/middleware.go:152.34,154.7 1 2
github.com/happyhippyhippo/slate-rest/envelopemw/middleware.go:160.56,162.6 1 6
github.com/happyhippyhippo/slate-rest/process.go:37.21,39.23 1 14
github.com/happyhippyhippo/slate-rest/process.go:43.2,43.19 1 13
github.com/happyhippyhippo/slate-rest/process.go:47.2,47.19 1 12
github.com/happyhippyhippo/slate-rest/process.go:51.2,52.14 2 11
github.com/happyhippyhippo/slate-rest/process.go:56.2,82.14 3 9
github.com/happyhippyhippo/slate-rest/process.go:86.2,87.9 2 8
github.com/happyhippyhippo/slate-rest/process.go:91.2,91.59 1 7
github.com/happyhippyhippo/slate-rest/process.go:101.2,103.8 1 7
github.com/happyhippyhippo/slate-rest/process.go:39.23,41.3 1 1
github.com/happyhippyhippo/slate-rest/process.go:43.19,45.3 1 1
github.com/happyhippyhippo/slate-rest/process.go:47.19,49.3 1 1
github.com/happyhippyhippo/slate-rest/process.go:52.14,54.3 1 2
github.com/happyhippyhippo/slate-rest/process.go:82.14,84.3 1 1
github.com/happyhippyhippo/slate-rest/process.go:87.9,89.3 1 1
github.com/happyhippyhippo/slate-rest/process.go:91.59,93.60 2 4
github.com/happyhippyhippo/slate-rest/process.go:97.3,98.13 2 2
github.com/happyhippyhippo/slate-rest/process.go:93.60,96.4 2 2
github.com/happyhippyhippo/slate-rest/provider.go:36.9,38.48 1 17
github.com/happyhippyhippo/slate-rest/provider.go:42.2,42.51 1 15
github.com/happyhippyhippo/slate-rest/provider.go:46.2,47.12 2 15
github.com/happyhippyhippo/slate-rest/provider.go:38.48,40.3 1 2
github.com/happyhippyhippo/slate-rest/provider.go:42.51,44.3 1 7
github.com/happyhippyhippo/slate-rest/provider.go:53.9,55.48 1 9
github.com/happyhippyhippo/slate-rest/provider.go:59.2,60.14 2 7
github.com/happyhippyhippo/slate-rest/provider.go:64.2,65.14 2 5
github.com/happyhippyhippo/slate-rest/provider.go:69.2,69.32 1 4
github.com/happyhippyhippo/slate-rest/provider.go:74.2,74.12 1 3
github.com/happyhippyhippo/slate-rest/provider.go:55.48,57.3 1 2
github.com/happyhippyhippo/slate-rest/provider.go:60.14,62.3 1 2
github.com/happyhippyhippo/slate-rest/provider.go:65.14,67.3 1 1
github.com/happyhippyhippo/slate-rest/provider.go:69.32,70.37 1 5
github.com/happyhippyhippo/slate-rest/provider.go:70.37,72.4 1 1
github.com/happyhippyhippo/slate-rest/provider.go:79.19,82.14 2 10
github.com/happyhippyhippo/slate-rest/provider.go:86.2,87.9 2 9
github.com/happyhippyhippo/slate-rest/provider.go:90.2,90.22 1 8
github.com/happyhippyhippo/slate-rest/provider.go:82.14,84.3 1 1
github.com/happyhippyhippo/slate-rest/provider.go:87.9,89.3 1 1
github.com/happyhippyhippo/slate-rest/provider.go:95.32,98.14 2 5
github.com/happyhippyhippo/slate-rest/provider.go:102.2,103.32 2 4
github.com/happyhippyhippo/slate-rest/provider.go:108.2,108.23 1 4
github.com/happyhippyhippo/slate-rest/provider.go:98.14,100.3 1 1
github.com/happyhippyhippo/slate-rest/provider.go:103.32,104.52 1 5
github.com/happyhippyhippo/slate-rest/provider.go:104.52,106.4 1 5
github.com/happyhippyhippo/slate-rest/errors.go:12.9,14.2 1 9
github.com/happyhippyhippo/slate-rest/errors.go:20.9,22.2 1 4
github.com/happyhippyhippo/slate-rest/logmw/env.go:54.56,56.9 2 15
github.com/happyhippyhippo/slate-rest/logmw/env.go:59.2,59.10 1 12
github.com/happyhippyhippo/slate-rest/logmw/env.go:56.9,58.3 1 3
github.com/happyhippyhippo/slate-rest/logmw/provider.go:30.9,32.48 1 10
github.com/happyhippyhippo/slate-rest/logmw/provider.go:36.2,36.65 1 8
github.com/happyhippyhippo/slate-rest/logmw/provider.go:47.2,47.67 1 8
github.com/happyhippyhippo/slate-rest/logmw/provider.go:58.2,59.12 2 8
github.com/happyhippyhippo/slate-rest/logmw/provider.go:32.48,34.3 1 2
github.com/happyhippyhippo/slate-rest/logmw/provider.go:36.65,38.19 2 3
github.com/happyhippyhippo/slate-rest/logmw/provider.go:41.3,41.18 1 3
github.com/happyhippyhippo/slate-rest/logmw/provider.go:44.3,44.23 1 3
github.com/happyhippyhippo/slate-rest/logmw/provider.go:38.19,40.4 1 3
github.com/happyhippyhippo/slate-rest/logmw/provider.go:41.18,43.4 1 1
github.com/happyhippyhippo/slate-rest/logmw/provider.go:47.67,49.19 2 2
github.com/happyhippyhippo/slate-rest/logmw/provider.go:52.3,52.18 1 2
github.com/happyhippyhippo/slate-rest/logmw/provider.go:55.3,55.24 1 2
github.com/happyhippyhippo/slate-rest/logmw/provider.go:49.19,51.4 1 2
github.com/happyhippyhippo/slate-rest/logmw/provider.go:52.18,54.4 1 1
github.com/happyhippyhippo/slate-rest/logmw/provider.go:68.9,70.48 1 3
github.com/happyhippyhippo/slate-rest/logmw/provider.go:73.2,73.12 1 1
github.com/happyhippyhippo/slate-rest/logmw/provider.go:70.48,72.3 1 2
github.com/happyhippyhippo/slate-rest/logmw/request_reader_decorator_json.go:17.26,19.19 1 10
github.com/happyhippyhippo/slate-rest/logmw/request_reader_decorator_json.go:23.2,25.25 1 9
github.com/happyhippyhippo/slate-rest/logmw/request_reader_decorator_json.go:19.19,21.3 1 1
github.com/happyhippyhippo/slate-rest/logmw/request_reader_decorator_json.go:25.25,27.17 1 6
github.com/happyhippyhippo/slate-rest/logmw/request_reader_decorator_json.go:31.3,32.15 2 5
github.com/happyhippyhippo/slate-rest/logmw/request_reader_decorator_json.go:38.3,39.51 2 4
github.com/happyhippyhippo/slate-rest/logmw/request_reader_decorator_json.go:45.3,45.19 1 4
github.com/happyhippyhippo/slate-rest/logmw/request_reader_decorator_json.go:27.17,29.4 1 1
github.com/happyhippyhippo/slate-rest/logmw/request_reader_decorator_json.go:32.15,34.4 1 1
github.com/happyhippyhippo/slate-rest/logmw/request_reader_decorator_json.go:39.51,40.75 1 2
github.com/happyhippyhippo/slate-rest/logmw/request_reader_decorator_json.go:40.75,42.5 1 1
github.com/happyhippyhippo/slate-rest/logmw/response_reader_decorator_json.go:17.27,19.19 1 12
github.com/happyhippyhippo/slate-rest/logmw/response_reader_decorator_json.go:23.2,27.25 1 11
github.com/happyhippyhippo/slate-rest/logmw/response_reader_decorator_json.go:19.19,21.3 1 1
github.com/happyhippyhippo/slate-rest/logmw/response_reader_decorator_json.go:27.25,29.17 1 9
github.com/happyhippyhippo/slate-rest/logmw/response_reader_decorator_json.go:33.3,33.20 1 8
github.com/happyhippyhippo/slate-rest/logmw/response_reader_decorator_json.go:37.3,38.17 2 7
github.com/happyhippyhippo/slate-rest/logmw/response_reader_decorator_json.go:44.3,44.43 1 6
github.com/happyhippyhippo/slate-rest/logmw/response_reader_decorator_json.go:53.3,53.19 1 6
github.com/happyhippyhippo/slate-rest/logmw/response_reader_decorator_json.go:29.17,31.4 1 1
github.com/happyhippyhippo/slate-rest/logmw/response_reader_decorator_json.go:33.20,35.4 1 1
github.com/happyhippyhippo/slate-rest/logmw/response_reader_decorator_json.go:38.17,40.4 1 1
github.com/happyhippyhippo/slate-rest/logmw/response_reader_decorator_json.go:44.43,46.65 2 5
github.com/happyhippyhippo/slate-rest/logmw/response_reader_decorator_json.go:46.65,47.72 1 3
github.com/happyhippyhippo/slate-rest/logmw/response_reader_decorator_json.go:47.72,49.6 1 2
github.com/happyhippyhippo/slate-rest/logmw/request_reader_default.go:16.24,18.16 1 2
github.com/happyhippyhippo/slate-rest/logmw/request_reader_default.go:22.2,23.44 2 1
github.com/happyhippyhippo/slate-rest/logmw/request_reader_default.go:31.2,37.8 1 1
github.com/happyhippyhippo/slate-rest/logmw/request_reader_default.go:18.16,20.3 1 1
github.com/happyhippyhippo/slate-rest/logmw/request_reader_default.go:23.44,24.18 1 2
github.com/happyhippyhippo/slate-rest/logmw/request_reader_default.go:24.18,26.4 1 1
github.com/happyhippyhippo/slate-rest/logmw/request_reader_default.go:26.9,28.4 1 1
github.com/happyhippyhippo/slate-rest/logmw/request_reader_default.go:40.56,43.44 2 1
github.com/happyhippyhippo/slate-rest/logmw/request_reader_default.go:50.2,50.16 1 1
github.com/happyhippyhippo/slate-rest/logmw/request_reader_default.go:43.44,44.23 1 2
github.com/happyhippyhippo/slate-rest/logmw/request_reader_default.go:44.23,46.4 1 1
github.com/happyhippyhippo/slate-rest/logmw/request_reader_default.go:46.9,48.4 1 1
github.com/happyhippyhippo/slate-rest/logmw/request_reader_default.go:53.48,56.25 2 1
github.com/happyhippyhippo/slate-rest/logmw/request_reader_default.go:60.2,61.26 2 1
github.com/happyhippyhippo/slate-rest/logmw/request_reader_default.go:56.25,58.3 1 1
github.com/happyhippyhippo/slate-rest/logmw/response_reader_default.go:13.24,15.19 1 3
github.com/happyhippyhippo/slate-rest/logmw/response_reader_default.go:19.2,27.26 3 2
github.com/happyhippyhippo/slate-rest/logmw/response_reader_default.go:31.2,31.18 1 2
github.com/happyhippyhippo/slate-rest/logmw/response_reader_default.go:15.19,17.3 1 1
github.com/happyhippyhippo/slate-rest/logmw/response_reader_default.go:27.26,29.3 1 1
github.com/happyhippyhippo/slate-rest/logmw/response_reader_default.go:36.15,39.47 2 2
github.com/happyhippyhippo/slate-rest/logmw/response_reader_default.go:46.2,46.16 1 2
github.com/happyhippyhippo/slate-rest/logmw/response_reader_default.go:39.47,40.23 1 4
github.com/happyhippyhippo/slate-rest/logmw/response_reader_default.go:40.23,42.4 1 2
github.com/happyhippyhippo/slate-rest/logmw/response_reader_default.go:42.9,44.4 1 2
github.com/happyhippyhippo/slate-rest/logmw/response_reader_decorator_xml.go:17.27,19.19 1 11
github.com/happyhippyhippo/slate-rest/logmw/response_reader_decorator_xml.go:23.2,27.25 1 10
github.com/happyhippyhippo/slate-rest/logmw/response_reader_decorator_xml.go:19.19,21.3 1 1
github.com/happyhippyhippo/slate-rest/logmw/response_reader_decorator_xml.go:27.25,29.17 1 9
github.com/happyhippyhippo/slate-rest/logmw/response_reader_decorator_xml.go:33.3,33.20 1 8
github.com/happyhippyhippo/slate-rest/logmw/response_reader_decorator_xml.go:37.3,38.17 2 7
github.com/happyhippyhippo/slate-rest/logmw/response_reader_decorator_xml.go:44.3,44.43 1 6
github.com/happyhippyhippo/slate-rest/logmw/response_reader_decorator_xml.go:53.3,53.19 1 6
github.com/happyhippyhippo/slate-rest/logmw/response_reader_decorator_xml.go:29.17,31.4 1 1
github.com/happyhippyhippo/slate-rest/logmw/response_reader_decorator_xml.go:33.20,35.4 1 1
github.com/happyhippyhippo/slate-rest/logmw/response_reader_decorator_xml.go:38.17,40.4 1 1
github.com/happyhippyhippo/slate-rest/logmw/response_reader_decorator_xml.go:44.43,46.87 2 5
github.com/happyhippyhippo/slate-rest/logmw/response_reader_decorator_xml.go:46.87,47.71 1 3
github.com/happyhippyhippo/slate-rest/logmw/response_reader_decorator_xml.go:47.71,49.6 1 2
github.com/happyhippyhippo/slate-rest/logmw/response_writer.go:23.27,25.14 1 19
github.com/happyhippyhippo/slate-rest/logmw/response_writer.go:29.2,32.8 1 18
github.com/happyhippyhippo/slate-rest/logmw/response_writer.go:25.14,27.3 1 1
github.com/happyhippyhippo/slate-rest/logmw/response_writer.go:39.16,44.2 2 1
github.com/happyhippyhippo/slate-rest/logmw/response_writer.go:48.31,51.2 1 2
github.com/happyhippyhippo/slate-rest/logmw/errors.go:12.9,14.2 1 22
github.com/happyhippyhippo/slate-rest/logmw/errors.go:20.9,22.2 1 2
github.com/happyhippyhippo/slate-rest/logmw/middleware.go:19.32,21.19 1 6
github.com/happyhippyhippo/slate-rest/logmw/middleware.go:25.2,25.26 1 5
github.com/happyhippyhippo/slate-rest/logmw/middleware.go:29.2,29.27 1 4
github.com/happyhippyhippo/slate-rest/logmw/middleware.go:33.2,35.20 1 3
github.com/happyhippyhippo/slate-rest/logmw/middleware.go:21.19,23.3 1 1
github.com/happyhippyhippo/slate-rest/logmw/middleware.go:25.26,27.3 1 1
github.com/happyhippyhippo/slate-rest/logmw/middleware.go:29.27,31.3 1 1
github.com/happyhippyhippo/slate-rest/logmw/middleware.go:35.20,39.21 1 1
github.com/happyhippyhippo/slate-rest/logmw/middleware.go:39.21,43.6 1 1
github.com/happyhippyhippo/slate-rest/logmw/middleware.go:43.6,60.20 6 1
github.com/happyhippyhippo/slate-rest/logmw/middleware.go:63.5,75.6 3 1
github.com/happyhippyhippo/slate-rest/logmw/middleware.go:60.20,62.6 1 1
github.com/happyhippyhippo/slate-rest/logmw/request_reader_decorator_xml.go:17.26,19.19 1 9
github.com/happyhippyhippo/slate-rest/logmw/request_reader_decorator_xml.go:23.2,25.25 1 8
github.com/happyhippyhippo/slate-rest/logmw/request_reader_decorator_xml.go:19.19,21.3 1 1
github.com/happyhippyhippo/slate-rest/logmw/request_reader_decorator_xml.go:25.25,27.17 1 7
github.com/happyhippyhippo/slate-rest/logmw/request_reader_decorator_xml.go:31.3,32.17 2 6
github.com/happyhippyhippo/slate-rest/logmw/request_reader_decorator_xml.go:38.3,39.98 2 5
github.com/happyhippyhippo/slate-rest/logmw/request_reader_decorator_xml.go:45.3,45.19 1 5
github.com/happyhippyhippo/slate-rest/logmw/request_reader_decorator_xml.go:27.17,29.4 1 1
github.com/happyhippyhippo/slate-rest/logmw/request_reader_decorator_xml.go:32.17,34.4 1 1
github.com/happyhippyhippo/slate-rest/logmw/request_reader_decorator_xml.go:39.98,40.78 1 3
github.com/happyhippyhippo/slate-rest/logmw/request_reader_decorator_xml.go:40.78,42.5 1 2
